\BOOKMARK [1][-]{section*.1}{\376\377\000S\000e\000z\000n\000a\000m\000\040\000o\000b\000r\000\341\000z\000k\001\157}{}% 1
\BOOKMARK [1][-]{section*.2}{\376\377\000S\000e\000z\000n\000a\000m\000\040\000t\000a\000b\000u\000l\000e\000k}{}% 2
\BOOKMARK [1][-]{section*.3}{\376\377\000S\000e\000z\000n\000a\000m\000\040\000p\000o\000u\001\176\000i\000t\000\375\000c\000h\000\040\000s\000y\000m\000b\000o\000l\001\157\000\040\000a\000\040\000z\000k\000r\000a\000t\000e\000k}{}% 3
\BOOKMARK [1][-]{section*.4}{\376\377\000S\000e\000z\000n\000a\000m\000\040\000p\001\131\000\355\000l\000o\000h}{}% 4
\BOOKMARK [1][-]{section*.5}{\376\377\000\332\000v\000o\000d}{}% 5
\BOOKMARK [1][-]{part.1}{\376\377\000A\000\040\000T\000E\000O\000R\000E\000T\000I\000C\000K\000\301\000\040\001\014\000\301\000S\000T}{}% 6
\BOOKMARK [1][-]{section.1}{\376\377\000D\000i\000g\000i\000t\000\341\000l\000n\000\355\000\040\000k\000n\000i\000h\000o\000v\000n\000y}{}% 7
\BOOKMARK [2][-]{subsection.1.1}{\376\377\000D\000e\000f\000i\000n\000i\000c\000e\000\040\000d\000i\000g\000i\000t\000\341\000l\000n\000\355\000\040\000k\000n\000i\000h\000o\000v\000n\000y}{section.1}% 8
\BOOKMARK [2][-]{subsection.1.2}{\376\377\000H\000i\000s\000t\000o\000r\000i\000c\000k\000\375\000\040\000v\000\375\000v\000o\000j\000\040\000d\000i\000g\000i\000t\000\341\000l\000n\000\355\000c\000h\000\040\000k\000n\000i\000h\000o\000v\000e\000n}{section.1}% 9
\BOOKMARK [2][-]{subsection.1.3}{\376\377\000H\000i\000s\000t\000o\000r\000i\000c\000k\000\375\000\040\000v\000\375\000v\000o\000j\000\040\000d\000i\000g\000i\000t\000\341\000l\000n\000\355\000c\000h\000\040\000k\000n\000i\000h\000o\000v\000e\000n}{section.1}% 10
\BOOKMARK [2][-]{subsection.1.4}{\376\377\000M\000e\000t\000a\000d\000a\000t\000a\000\040\000a\000\040\000k\000a\000t\000a\000l\000o\000g\000i\000z\000a\001\015\000n\000\355\000\040\000s\000t\000a\000n\000d\000a\000r\000d\000y}{section.1}% 11
\BOOKMARK [2][-]{subsection.1.5}{\376\377\000S\000o\000u\001\015\000a\000s\000n\000\351\000\040\000k\000o\000m\000e\000r\001\015\000n\000\355\000\040\000a\000\040\000o\000p\000e\000n\000-\000s\000o\000u\000r\000c\000e\000\040\000p\000l\000a\000t\000f\000o\000r\000m\000y}{section.1}% 12
\BOOKMARK [1][-]{section.2}{\376\377\000D\000o\000p\000o\000r\000u\001\015\000o\000v\000a\000c\000\355\000\040\000s\000y\000s\000t\000\351\000m\000y}{}% 13
\BOOKMARK [2][-]{subsection.2.1}{\376\377\000D\000o\000p\000o\000r\000u\001\015\000o\000v\000a\000c\000\355\000\040\000s\000y\000s\000t\000\351\000m\000y}{section.2}% 14
\BOOKMARK [2][-]{subsection.2.2}{\376\377\000T\000y\000p\000y\000\040\000d\000o\000p\000o\000r\000u\001\015\000o\000v\000\341\000n\000\355}{section.2}% 15
\BOOKMARK [2][-]{subsection.2.3}{\376\377\000A\000l\000g\000o\000r\000i\000t\000m\000y\000\040\000p\000o\000u\001\176\000\355\000v\000a\000n\000\351\000\040\000v\000\040\000d\000o\000p\000o\000r\000u\001\015\000o\000v\000\341\000n\000\355}{section.2}% 16
\BOOKMARK [2][-]{subsection.2.4}{\376\377\000A\000l\000g\000o\000r\000i\000t\000m\000y\000\040\000p\000o\000u\001\176\000\355\000v\000a\000n\000\351\000\040\000v\000\040\000d\000o\000p\000o\000r\000u\001\015\000o\000v\000\341\000n\000\355}{section.2}% 17
\BOOKMARK [2][-]{subsection.2.5}{\376\377\000P\000e\000r\000s\000o\000n\000a\000l\000i\000z\000a\000c\000e\000\040\000o\000b\000s\000a\000h\000u\000\040\000v\000\040\000d\000i\000g\000i\000t\000\341\000l\000n\000\355\000c\000h\000\040\000k\000n\000i\000h\000o\000v\000n\000\341\000c\000h}{section.2}% 18
\BOOKMARK [1][-]{part.2}{\376\377\000B\000\040\000P\000R\000A\000K\000T\000I\000C\000K\000\301\000\040\001\014\000\301\000S\000T}{}% 19
\BOOKMARK [1][-]{section.3}{\376\377\000N\000\341\000v\000r\000h\000\040\000s\000y\000s\000t\000\351\000m\000u}{}% 20
\BOOKMARK [2][-]{subsection.3.1}{\376\377\000A\000n\000a\000l\000\375\000z\000a\000\040\000p\000o\001\176\000a\000d\000a\000v\000k\001\157}{section.3}% 21
\BOOKMARK [2][-]{subsection.3.2}{\376\377\000N\000\341\000v\000r\000h\000\040\000v\000\355\000c\000e\000v\000r\000s\000t\000v\000\351\000\040\000a\000r\000c\000h\000i\000t\000e\000k\000t\000u\000r\000y}{section.3}% 22
\BOOKMARK [2][-]{subsection.3.3}{\376\377\000V\000\375\000b\001\033\000r\000\040\000t\000e\000c\000h\000n\000o\000l\000o\000g\000i\000\355\000\040\000a\000\040\000j\000e\000j\000i\000c\000h\000\040\000z\000d\001\157\000v\000o\000d\000n\001\033\000n\000\355}{section.3}% 23
\BOOKMARK [2][-]{subsection.3.4}{\376\377\000D\000a\000t\000o\000v\000\375\000\040\000m\000o\000d\000e\000l\000\040\000s\000y\000s\000t\000\351\000m\000u}{section.3}% 24
\BOOKMARK [1][-]{section.4}{\376\377\000I\000m\000p\000l\000e\000m\000e\000n\000t\000a\000c\000e\000\040\000s\000e\000r\000v\000e\000r\000o\000v\000\351\000\040\001\015\000\341\000s\000t\000i}{}% 25
\BOOKMARK [2][-]{subsection.4.1}{\376\377\000S\000t\000r\000u\000k\000t\000u\000r\000a\000\040\000p\000r\000o\000j\000e\000k\000t\000u}{section.4}% 26
\BOOKMARK [2][-]{subsection.4.2}{\376\377\000R\000E\000S\000T\000\040\000A\000P\000I\000\040\000r\000o\000z\000h\000r\000a\000n\000\355}{section.4}% 27
\BOOKMARK [2][-]{subsection.4.3}{\376\377\000A\000u\000t\000e\000n\000t\000i\000z\000a\000c\000e\000\040\000a\000\040\000a\000u\000t\000o\000r\000i\000z\000a\000c\000e\000\040\000\050\000J\000W\000T\000\051}{section.4}% 28
\BOOKMARK [2][-]{subsection.4.4}{\376\377\000S\000p\000r\000\341\000v\000a\000\040\000k\000n\000i\000h\000\040\000a\000\040\000u\001\176\000i\000v\000a\000t\000e\000l\001\157}{section.4}% 29
\BOOKMARK [2][-]{subsection.4.5}{\376\377\000I\000n\000t\000e\000g\000r\000a\000c\000e\000\040\000e\000x\000t\000e\000r\000n\000\355\000c\000h\000\040\000A\000P\000I\000\040\000\050\000n\000a\000p\001\131\000.\000\040\000G\000o\000o\000g\000l\000e\000\040\000B\000o\000o\000k\000s\000\040\000A\000P\000I\000\051}{section.4}% 30
\BOOKMARK [1][-]{section.5}{\376\377\000W\000e\000b\000o\000v\000\341\000\040\000a\000p\000l\000i\000k\000a\000c\000e}{}% 31
\BOOKMARK [2][-]{subsection.5.1}{\376\377\000A\000r\000c\000h\000i\000t\000e\000k\000t\000u\000r\000a\000\040\000f\000r\000o\000n\000t\000e\000n\000d\000o\000v\000\351\000\040\001\015\000\341\000s\000t\000i}{section.5}% 32
\BOOKMARK [2][-]{subsection.5.2}{\376\377\000I\000m\000p\000l\000e\000m\000e\000n\000t\000a\000c\000e\000\040\000u\001\176\000i\000v\000a\000t\000e\000l\000s\000k\000\351\000h\000o\000\040\000r\000o\000z\000h\000r\000a\000n\000\355}{section.5}% 33
\BOOKMARK [2][-]{subsection.5.3}{\376\377\000S\000p\000r\000\341\000v\000a\000\040\000o\000s\000o\000b\000n\000\355\000\040\000k\000n\000i\000h\000o\000v\000n\000y}{section.5}% 34
\BOOKMARK [2][-]{subsection.5.4}{\376\377\000O\000c\000h\000r\000a\000n\000a\000\040\000p\001\131\000\355\000s\000t\000u\000p\001\157\000\040\000a\000\040\000p\000r\000\341\000c\000e\000\040\000s\000\040\000a\000u\000t\000e\000n\000t\000i\000z\000a\000c\000\355}{section.5}% 35
\BOOKMARK [1][-]{section.6}{\376\377\000M\000o\000b\000i\000l\000n\000\355\000\040\000a\000p\000l\000i\000k\000a\000c\000e}{}% 36
\BOOKMARK [2][-]{subsection.6.1}{\376\377\000N\000\341\000v\000r\000h\000\040\000m\000o\000b\000i\000l\000n\000\355\000\040\000a\000r\000c\000h\000i\000t\000e\000k\000t\000u\000r\000y}{section.6}% 37
\BOOKMARK [2][-]{subsection.6.2}{\376\377\000S\000k\000e\000n\000o\000v\000\341\000n\000\355\000\040\000I\000S\000B\000N}{section.6}% 38
\BOOKMARK [2][-]{subsection.6.3}{\376\377\000P\001\131\000i\000d\000\341\000v\000\341\000n\000\355\000\040\000k\000n\000i\000h\000\040\000d\000o\000\040\000k\000n\000i\000h\000o\000v\000n\000y}{section.6}% 39
\BOOKMARK [2][-]{subsection.6.4}{\376\377\000S\000y\000n\000c\000h\000r\000o\000n\000i\000z\000a\000c\000e\000\040\000s\000\040\000b\000a\000c\000k\000e\000n\000d\000e\000m}{section.6}% 40
\BOOKMARK [1][-]{section.7}{\376\377\000Z\000a\000b\000e\000z\000p\000e\001\015\000e\000n\000\355\000\040\000s\000y\000s\000t\000\351\000m\000u}{}% 41
\BOOKMARK [2][-]{subsection.7.1}{\376\377\000B\000e\000z\000p\000e\001\015\000n\000o\000s\000t\000\040\000w\000e\000b\000o\000v\000\351\000\040\000a\000p\000l\000i\000k\000a\000c\000e}{section.7}% 42
\BOOKMARK [2][-]{subsection.7.2}{\376\377\000O\000c\000h\000r\000a\000n\000a\000\040\000A\000P\000I}{section.7}% 43
\BOOKMARK [2][-]{subsection.7.3}{\376\377\000H\000a\000s\000h\000o\000v\000\341\000n\000\355\000\040\000h\000e\000s\000e\000l}{section.7}% 44
\BOOKMARK [2][-]{subsection.7.4}{\376\377\000O\000c\000h\000r\000a\000n\000a\000\040\000d\000a\000t\000a\000b\000\341\000z\000e}{section.7}% 45
\BOOKMARK [2][-]{subsection.7.5}{\376\377\000M\000o\001\176\000n\000\351\000\040\000b\000e\000z\000p\000e\001\015\000n\000o\000s\000t\000n\000\355\000\040\000h\000r\000o\000z\000b\000y}{section.7}% 46
\BOOKMARK [1][-]{section.8}{\376\377\000I\000m\000p\000l\000e\000m\000e\000n\000t\000a\000c\000e\000\040\000a\000\040\000v\000y\000h\000o\000d\000n\000o\000c\000e\000n\000\355\000\040\000d\000o\000p\000o\000r\000u\001\015\000o\000v\000a\000c\000\355\000h\000o\000\040\000s\000y\000s\000t\000\351\000m\000u}{}% 47
\BOOKMARK [2][-]{subsection.8.1}{\376\377\000N\000\341\000v\000r\000h\000\040\000d\000o\000p\000o\000r\000u\001\015\000o\000v\000a\000c\000\355\000h\000o\000\040\000m\000o\000d\000e\000l\000u}{section.8}% 48
\BOOKMARK [2][-]{subsection.8.2}{\376\377\000I\000m\000p\000l\000e\000m\000e\000n\000t\000a\000c\000e\000\040\000a\000l\000g\000o\000r\000i\000t\000m\000u}{section.8}% 49
\BOOKMARK [2][-]{subsection.8.3}{\376\377\000T\000e\000s\000t\000o\000v\000a\000c\000\355\000\040\000d\000a\000t\000a\000s\000e\000t}{section.8}% 50
\BOOKMARK [2][-]{subsection.8.4}{\376\377\000V\000y\000h\000o\000d\000n\000o\000c\000e\000n\000\355\000\040\000\050\000P\000r\000e\000c\000i\000s\000i\000o\000n\000,\000\040\000R\000e\000c\000a\000l\000l\000\051}{section.8}% 51
\BOOKMARK [2][-]{subsection.8.5}{\376\377\000Z\000h\000o\000d\000n\000o\000c\000e\000n\000\355\000\040\000p\001\131\000\355\000n\000o\000s\000u\000\040\000s\000y\000s\000t\000\351\000m\000u}{section.8}% 52
\BOOKMARK [1][-]{section*.6}{\376\377\000Z\000\341\000v\001\033\000r}{}% 53
\BOOKMARK [1][-]{section*.7}{\376\377\000S\000e\000z\000n\000a\000m\000\040\000p\000o\000u\001\176\000i\000t\000\351\000\040\000l\000i\000t\000e\000r\000a\000t\000u\000r\000y\000\040}{}% 54
